[2024/09/06 08:59:35.838] - eth_gasPrice
[2024/09/06 08:59:35.864] - eth_getTransactionCount
[2024/09/06 08:59:35.882] - eth_sendRawTransaction
[2024/09/06 09:00:18.053] - eth_getBlockByNumber
[2024/09/06 09:00:20.088] - eth_gasPrice
[2024/09/06 09:00:20.109] - eth_getTransactionCount
[2024/09/06 09:00:20.130] - eth_sendRawTransaction
[2024/09/06 09:01:11.454] - eth_gasPrice
[2024/09/06 09:01:11.474] - eth_getTransactionCount
[2024/09/06 09:01:11.496] - eth_sendRawTransaction
[2024/09/06 09:03:15.310] - eth_gasPrice
[2024/09/06 09:03:15.327] - eth_getTransactionCount
[2024/09/06 09:03:15.346] - eth_sendRawTransaction
[2024/09/06 09:03:55.757] - eth_gasPrice
[2024/09/06 09:03:55.774] - eth_getTransactionCount
[2024/09/06 09:03:55.792] - eth_sendRawTransaction
[2024/09/06 09:03:55.821] - 
  Transaction: 0x108fcff4007e80b93d714ba42cbce716b2d30c72c4d3fc0534940d2bf33d271c
  Gas usage: 21000
  Block number: 1
  Block time: Fri Sep 06 2024 09:03:55 GMT+0300 (Eastern European Summer Time)

[2024/09/06 09:03:55.825] - eth_getTransactionReceipt
[2024/09/06 09:03:55.828] - eth_getBlockByNumber
[2024/09/06 09:03:55.830] - eth_getBalance
[2024/09/06 09:03:55.831] - eth_getTransactionCount
[2024/09/06 09:03:55.833] - eth_getBalance
[2024/09/06 09:03:55.835] - eth_getTransactionCount
[2024/09/06 09:03:55.836] - eth_getBalance
[2024/09/06 09:03:55.837] - eth_getTransactionCount
[2024/09/06 09:03:55.839] - eth_getBalance
[2024/09/06 09:03:55.840] - eth_getTransactionCount
[2024/09/06 09:03:55.841] - eth_getBalance
[2024/09/06 09:03:55.843] - eth_getTransactionCount
[2024/09/06 09:03:55.845] - eth_getBalance
[2024/09/06 09:03:55.846] - eth_getTransactionCount
[2024/09/06 09:03:55.847] - eth_getBalance
[2024/09/06 09:03:55.848] - eth_getTransactionCount
[2024/09/06 09:03:55.850] - eth_getBalance
[2024/09/06 09:03:55.852] - eth_getTransactionCount
[2024/09/06 09:03:55.858] - eth_getBalance
[2024/09/06 09:03:55.863] - eth_getTransactionCount
[2024/09/06 09:03:55.866] - eth_getBalance
[2024/09/06 09:03:55.869] - eth_getTransactionCount
[2024/09/06 09:04:05.920] - eth_getTransactionCount
[2024/09/06 09:04:05.925] - eth_sendRawTransaction
[2024/09/06 09:04:05.943] - 
  Transaction: 0x3f6b642642430de61cd512862e76d911a6409d9948ef597c784cb7ca48d75288
  Contract created: 0x2413c3677274fe87ac1085f51cea6d88565a6d52
  Gas usage: 455658
  Block number: 2
  Block time: Fri Sep 06 2024 09:04:05 GMT+0300 (Eastern European Summer Time)

[2024/09/06 09:04:05.947] - eth_getTransactionReceipt
[2024/09/06 09:04:05.948] - eth_getBlockByNumber
[2024/09/06 09:04:05.950] - eth_getBalance
[2024/09/06 09:04:05.952] - eth_getTransactionCount
[2024/09/06 09:04:05.954] - eth_getBalance
[2024/09/06 09:04:05.956] - eth_getTransactionCount
[2024/09/06 09:04:05.958] - eth_getBalance
[2024/09/06 09:04:05.960] - eth_getTransactionCount
[2024/09/06 09:04:05.962] - eth_getBalance
[2024/09/06 09:04:05.963] - eth_getTransactionCount
[2024/09/06 09:04:05.965] - eth_getBalance
[2024/09/06 09:04:05.967] - eth_getTransactionCount
[2024/09/06 09:04:05.968] - eth_getBalance
[2024/09/06 09:04:05.970] - eth_getTransactionCount
[2024/09/06 09:04:05.972] - eth_getBalance
[2024/09/06 09:04:05.974] - eth_getTransactionCount
[2024/09/06 09:04:05.977] - eth_getBalance
[2024/09/06 09:04:05.979] - eth_getTransactionCount
[2024/09/06 09:04:05.981] - eth_getBalance
[2024/09/06 09:04:05.984] - eth_getTransactionCount
[2024/09/06 09:04:05.986] - eth_getBalance
[2024/09/06 09:04:05.990] - eth_getTransactionCount
[2024/09/06 09:11:03.928] - eth_gasPrice
[2024/09/06 09:11:03.969] - eth_getTransactionCount
[2024/09/06 09:11:03.992] - eth_sendRawTransaction
[2024/09/06 09:11:04.000] - 
  Transaction: 0x10f5c7c1d153ee843cd0bf53d2d65da3feb3cce809944bce5ee3144baf76fdc1
  Gas usage: 21000
  Block number: 3
  Block time: Fri Sep 06 2024 09:11:03 GMT+0300 (Eastern European Summer Time)

[2024/09/06 09:11:04.002] - eth_getBlockByNumber
[2024/09/06 09:11:04.004] - eth_getTransactionReceipt
[2024/09/06 09:11:04.008] - eth_getBalance
[2024/09/06 09:11:04.010] - eth_getTransactionCount
[2024/09/06 09:11:04.012] - eth_getBalance
[2024/09/06 09:11:04.014] - eth_getTransactionCount
[2024/09/06 09:11:04.016] - eth_getBalance
[2024/09/06 09:11:04.018] - eth_getTransactionCount
[2024/09/06 09:11:04.019] - eth_getBalance
[2024/09/06 09:11:04.021] - eth_getTransactionCount
[2024/09/06 09:11:04.023] - eth_getBalance
[2024/09/06 09:11:04.026] - eth_getTransactionCount
[2024/09/06 09:11:04.028] - eth_getBalance
[2024/09/06 09:11:04.030] - eth_getTransactionCount
[2024/09/06 09:11:04.031] - eth_getBalance
[2024/09/06 09:11:04.033] - eth_getTransactionCount
[2024/09/06 09:11:04.034] - eth_getBalance
[2024/09/06 09:11:04.036] - eth_getTransactionCount
[2024/09/06 09:11:04.037] - eth_getBalance
[2024/09/06 09:11:04.038] - eth_getTransactionCount
[2024/09/06 09:11:04.039] - eth_getBalance
[2024/09/06 09:11:04.040] - eth_getTransactionCount
[2024/09/06 09:11:14.097] - eth_getTransactionCount
[2024/09/06 09:11:14.103] - eth_sendRawTransaction
[2024/09/06 09:11:14.119] - 
  Transaction: 0x59ceee7a26c7c85fc86d6c0eaf7053d1cc113ec6f2d9f6b3c4f44c5f9755bd6e
  Contract created: 0x625bf156bb83a7b5e044111099d3f1b31372f907
  Gas usage: 455658
  Block number: 4
  Block time: Fri Sep 06 2024 09:11:14 GMT+0300 (Eastern European Summer Time)

[2024/09/06 09:11:14.122] - eth_getBlockByNumber
[2024/09/06 09:11:14.123] - eth_getTransactionReceipt
[2024/09/06 09:11:14.126] - eth_getBalance
[2024/09/06 09:11:14.128] - eth_getTransactionCount
[2024/09/06 09:11:14.131] - eth_getBalance
[2024/09/06 09:11:14.132] - eth_getTransactionCount
[2024/09/06 09:11:14.137] - eth_getBalance
[2024/09/06 09:11:14.139] - eth_getTransactionCount
[2024/09/06 09:11:14.140] - eth_getBalance
[2024/09/06 09:11:14.143] - eth_getTransactionCount
[2024/09/06 09:11:14.145] - eth_getBalance
[2024/09/06 09:11:14.147] - eth_getTransactionCount
[2024/09/06 09:11:14.149] - eth_getBalance
[2024/09/06 09:11:14.151] - eth_getTransactionCount
[2024/09/06 09:11:14.153] - eth_getBalance
[2024/09/06 09:11:14.155] - eth_getTransactionCount
[2024/09/06 09:11:14.157] - eth_getBalance
[2024/09/06 09:11:14.159] - eth_getTransactionCount
[2024/09/06 09:11:14.161] - eth_getBalance
[2024/09/06 09:11:14.163] - eth_getTransactionCount
[2024/09/06 09:11:14.167] - eth_getBalance
[2024/09/06 09:11:14.170] - eth_getTransactionCount
[2024/09/06 11:24:09.738] - eth_gasPrice
[2024/09/06 11:24:09.762] - eth_getTransactionCount
[2024/09/06 11:24:09.788] - eth_sendRawTransaction
[2024/09/06 11:24:09.814] - 
  Transaction: 0x2d282ce7840d3e690d19b0ef162417c3f98127215b7a74f8f75ebbe0e45de1c9
  Gas usage: 21000
  Block number: 5
  Block time: Fri Sep 06 2024 11:24:09 GMT+0300 (Eastern European Summer Time)

[2024/09/06 11:24:09.818] - eth_getTransactionReceipt
[2024/09/06 11:24:09.862] - eth_getBlockByNumber
[2024/09/06 11:24:09.866] - eth_getBalance
[2024/09/06 11:24:09.872] - eth_getTransactionCount
[2024/09/06 11:24:09.873] - eth_getBalance
[2024/09/06 11:24:09.875] - eth_getTransactionCount
[2024/09/06 11:24:09.878] - eth_getBalance
[2024/09/06 11:24:09.883] - eth_getTransactionCount
[2024/09/06 11:24:09.887] - eth_getBalance
[2024/09/06 11:24:09.889] - eth_getTransactionCount
[2024/09/06 11:24:09.891] - eth_getBalance
[2024/09/06 11:24:09.893] - eth_getTransactionCount
[2024/09/06 11:24:09.895] - eth_getBalance
[2024/09/06 11:24:09.898] - eth_getTransactionCount
[2024/09/06 11:24:09.903] - eth_getBalance
[2024/09/06 11:24:09.905] - eth_getTransactionCount
[2024/09/06 11:24:09.911] - eth_getBalance
[2024/09/06 11:24:09.912] - eth_getTransactionCount
[2024/09/06 11:24:09.915] - eth_getBalance
[2024/09/06 11:24:09.918] - eth_getTransactionCount
[2024/09/06 11:24:09.919] - eth_getBalance
[2024/09/06 11:24:09.921] - eth_getTransactionCount
[2024/09/06 11:24:19.997] - eth_getTransactionCount
[2024/09/06 11:24:20.003] - eth_sendRawTransaction
[2024/09/06 11:24:20.141] - 
  Transaction: 0x2bd5e5b6a845d982546daa69dfe28358594e857d1e4e04ac452baacf6e73d174
  Contract created: 0x8ed84d4611ce3a8ec18f93ed27e0038db1e52be4
  Gas usage: 455658
  Block number: 6
  Block time: Fri Sep 06 2024 11:24:20 GMT+0300 (Eastern European Summer Time)

[2024/09/06 11:24:20.174] - eth_getTransactionReceipt
[2024/09/06 11:24:20.196] - eth_getBalance
[2024/09/06 11:24:20.199] - eth_getTransactionCount
[2024/09/06 11:24:20.201] - eth_getBalance
[2024/09/06 11:24:20.203] - eth_getTransactionCount
[2024/09/06 11:24:20.204] - eth_getBlockByNumber
[2024/09/06 11:24:20.206] - eth_getBalance
[2024/09/06 11:24:20.208] - eth_getTransactionCount
[2024/09/06 11:24:20.210] - eth_getBalance
[2024/09/06 11:24:20.212] - eth_getTransactionCount
[2024/09/06 11:24:20.237] - eth_getBalance
[2024/09/06 11:24:20.238] - eth_getTransactionCount
[2024/09/06 11:24:20.239] - eth_getBalance
[2024/09/06 11:24:20.239] - eth_getTransactionCount
[2024/09/06 11:24:20.240] - eth_getBalance
[2024/09/06 11:24:20.240] - eth_getTransactionCount
[2024/09/06 11:24:20.241] - eth_getBalance
[2024/09/06 11:24:20.242] - eth_getTransactionCount
[2024/09/06 11:24:20.242] - eth_getBalance
[2024/09/06 11:24:20.243] - eth_getTransactionCount
[2024/09/06 11:24:20.244] - eth_getBalance
[2024/09/06 11:24:20.244] - eth_getTransactionCount
[2024/09/06 11:25:39.401] - eth_gasPrice
[2024/09/06 11:25:39.403] - eth_getTransactionCount
[2024/09/06 11:25:39.408] - eth_sendRawTransaction
[2024/09/06 11:25:39.418] - 
  Transaction: 0x3184e79642b397f0dc72d0c4667e3e72b8b3d42eb82b751fdd7fea1ed9729343
  Gas usage: 21000
  Block number: 7
  Block time: Fri Sep 06 2024 11:25:39 GMT+0300 (Eastern European Summer Time)

[2024/09/06 11:25:39.421] - eth_getTransactionReceipt
[2024/09/06 11:25:39.425] - eth_getBlockByNumber
[2024/09/06 11:25:39.427] - eth_getBalance
[2024/09/06 11:25:39.428] - eth_getTransactionCount
[2024/09/06 11:25:39.430] - eth_getBalance
[2024/09/06 11:25:39.432] - eth_getTransactionCount
[2024/09/06 11:25:39.433] - eth_getBalance
[2024/09/06 11:25:39.435] - eth_getTransactionCount
[2024/09/06 11:25:39.437] - eth_getBalance
[2024/09/06 11:25:39.439] - eth_getTransactionCount
[2024/09/06 11:25:39.441] - eth_getBalance
[2024/09/06 11:25:39.443] - eth_getTransactionCount
[2024/09/06 11:25:39.444] - eth_getBalance
[2024/09/06 11:25:39.446] - eth_getTransactionCount
[2024/09/06 11:25:39.448] - eth_getBalance
[2024/09/06 11:25:39.449] - eth_getTransactionCount
[2024/09/06 11:25:39.451] - eth_getBalance
[2024/09/06 11:25:39.452] - eth_getTransactionCount
[2024/09/06 11:25:39.455] - eth_getBalance
[2024/09/06 11:25:39.456] - eth_getTransactionCount
[2024/09/06 11:25:39.457] - eth_getBalance
[2024/09/06 11:25:39.459] - eth_getTransactionCount
[2024/09/06 11:25:49.678] - eth_gasPrice
[2024/09/06 11:25:49.681] - eth_getTransactionCount
[2024/09/06 11:25:49.686] - eth_sendRawTransaction
[2024/09/06 11:25:49.701] - 
  Transaction: 0x4973b93752582f8671f6f312942af916b8f4bdc99d311805a75c4839bc6e6d29
  Gas usage: 21000
  Block number: 8
  Block time: Fri Sep 06 2024 11:25:49 GMT+0300 (Eastern European Summer Time)

[2024/09/06 11:25:49.705] - eth_getTransactionReceipt
[2024/09/06 11:25:49.707] - eth_getBlockByNumber
[2024/09/06 11:25:49.711] - eth_getBalance
[2024/09/06 11:25:49.713] - eth_getTransactionCount
[2024/09/06 11:25:49.715] - eth_getBalance
[2024/09/06 11:25:49.717] - eth_getTransactionCount
[2024/09/06 11:25:49.720] - eth_getBalance
[2024/09/06 11:25:49.724] - eth_getTransactionCount
[2024/09/06 11:25:49.727] - eth_getBalance
[2024/09/06 11:25:49.729] - eth_getTransactionCount
[2024/09/06 11:25:49.732] - eth_getBalance
[2024/09/06 11:25:49.735] - eth_getTransactionCount
[2024/09/06 11:25:49.740] - eth_getBalance
[2024/09/06 11:25:49.743] - eth_getTransactionCount
[2024/09/06 11:25:49.747] - eth_getBalance
[2024/09/06 11:25:49.749] - eth_getTransactionCount
[2024/09/06 11:25:49.752] - eth_getBalance
[2024/09/06 11:25:49.755] - eth_getTransactionCount
[2024/09/06 11:25:49.757] - eth_getBalance
[2024/09/06 11:25:49.759] - eth_getTransactionCount
[2024/09/06 11:25:49.761] - eth_getBalance
[2024/09/06 11:25:49.764] - eth_getTransactionCount
[2024/09/06 11:25:59.756] - eth_getTransactionCount
[2024/09/06 11:25:59.761] - eth_sendRawTransaction
[2024/09/06 11:27:24.060] - eth_unsubscribe
[2024/09/06 11:27:24.063] - eth_unsubscribe
